<?xml version="1.0" encoding="UTF-8"?>
<testsuite xmlns:xsi="http://www.w3.org/2001/XMLSchema-instance" xsi:noNamespaceSchemaLocation="https://maven.apache.org/surefire/maven-surefire-plugin/xsd/surefire-test-report.xsd" version="3.0.2" name="com.spotlite.ingestmgmtserv.IngestmgmtservApplicationTests" time="2.309" tests="1" errors="0" skipped="0" failures="0">
  <properties>
[...]
</properties>
  <testcase name="contextLoads" classname="com.spotlite.ingestmgmtserv.IngestmgmtservApplicationTests" time="0.502">
    <system-out><![CDATA[16:04:31.165 [main] INFO org.springframework.test.context.support.AnnotationConfigContextLoaderUtils -- Could not detect default configuration classes for test class [com.spotlite.ingestmgmtserv.IngestmgmtservApplicationTests]: IngestmgmtservApplicationTests does not declare any static, non-private, non-final, nested classes annotated with @Configuration.
16:04:31.297 [main] INFO org.springframework.boot.test.context.SpringBootTestContextBootstrapper -- Found @SpringBootConfiguration com.spotlite.ingestmgmtserv.IngestmgmtservApplication for test class com.spotlite.ingestmgmtserv.IngestmgmtservApplicationTests
16:04:31.481 [main] INFO org.springframework.boot.devtools.restart.RestartApplicationListener -- Restart disabled due to context in which it is running
  .   ____          _            __ _ _
 /\\ / ___'_ __ _ _(_)_ __  __ _ \ \ \ \
( ( )\___ | '_ | '_| | '_ \/ _` | \ \ \ \
 \\/  ___)| |_)| | | | | || (_| |  ) ) ) )
  '  |____| .__|_| |_|_| |_\__, | / / / /
 =========|_|==============|___/=/_/_/_/
 
 :: Spring Boot ::   v4.0.0
 :: Spring Cloud Stream ::   v5.0.0
 :: Spring Cloud Function ::   v5.0.0
2025-12-06T16:04:31.709-08:00  INFO 19923 --- [ingestmgmtserv] [           main] c.s.i.IngestmgmtservApplicationTests     : Starting IngestmgmtservApplicationTests using Java 17.0.8 with PID 19923 (started by tilaksingh in /Users/tilaksingh/Desktop/Work/SpotLite/ingestmgmtserv/ingestmgmtservService)
2025-12-06T16:04:31.711-08:00  INFO 19923 --- [ingestmgmtserv] [           main] c.s.i.IngestmgmtservApplicationTests     : No active profile set, falling back to 1 default profile: "default"
2025-12-06T16:04:32.216-08:00  INFO 19923 --- [ingestmgmtserv] [           main] faultConfiguringBeanFactoryPostProcessor : No bean named 'errorChannel' has been explicitly defined. Therefore, a default PublishSubscribeChannel will be created.
2025-12-06T16:04:32.222-08:00  INFO 19923 --- [ingestmgmtserv] [           main] faultConfiguringBeanFactoryPostProcessor : No bean named 'integrationHeaderChannelRegistry' has been explicitly defined. Therefore, a default DefaultHeaderChannelRegistry will be created.
2025-12-06T16:04:32.785-08:00  INFO 19923 --- [ingestmgmtserv] [           main] o.s.i.endpoint.EventDrivenConsumer       : Adding {logging-channel-adapter:_org.springframework.integration.errorLogger} as a subscriber to the 'errorChannel' channel
2025-12-06T16:04:32.786-08:00  INFO 19923 --- [ingestmgmtserv] [           main] o.s.i.channel.PublishSubscribeChannel    : Channel 'ingestmgmtserv.errorChannel' has 1 subscriber(s).
2025-12-06T16:04:32.786-08:00  INFO 19923 --- [ingestmgmtserv] [           main] o.s.i.endpoint.EventDrivenConsumer       : started bean '_org.springframework.integration.errorLogger'
2025-12-06T16:04:32.791-08:00  INFO 19923 --- [ingestmgmtserv] [           main] c.s.i.IngestmgmtservApplicationTests     : Started IngestmgmtservApplicationTests in 1.321 seconds (process running for 2.291)
]]></system-out>
  </testcase>
</testsuite>